<?xml version="1.0" encoding="UTF-8"?>
<testsuites tests="1" failures="1" disabled="0" errors="0" time="0." timestamp="2025-08-20T12:23:43.009" name="AllTests">
  <testsuite name="UnicodeHandlerTest" tests="1" failures="1" disabled="0" skipped="0" errors="0" time="0." timestamp="2025-08-20T12:23:43.009">
    <testcase name="ValidateUtf8_InvalidSequences" file="C:/Users/AmitPeer/OneDrive - Aize/Dokumenter/GitHub/nx/tests/unit/tui/unicode_test.cpp" line="204" status="run" result="completed" time="0." timestamp="2025-08-20T12:23:43.009" classname="UnicodeHandlerTest">
      <failure message="C:/Users/AmitPeer/OneDrive - Aize/Dokumenter/GitHub/nx/tests/unit/tui/unicode_test.cpp:214&#x0A;Value of: result.has_value()&#x0A;  Actual: true&#x0A;Expected: false&#x0A;Invalid UTF-8 accepted: í €&#x0A;" type=""><![CDATA[C:/Users/AmitPeer/OneDrive - Aize/Dokumenter/GitHub/nx/tests/unit/tui/unicode_test.cpp:214
Value of: result.has_value()
  Actual: true
Expected: false
Invalid UTF-8 accepted: í €
]]></failure>
      <failure message="C:/Users/AmitPeer/OneDrive - Aize/Dokumenter/GitHub/nx/tests/unit/tui/unicode_test.cpp:215&#x0A;Expected equality of these values:&#x0A;  result.error().code()&#x0A;    Which is: 4-byte object &lt;00-00 00-00&gt;&#x0A;  ErrorCode::kValidationError&#x0A;    Which is: 4-byte object &lt;0A-00 00-00&gt;&#x0A;" type=""><![CDATA[C:/Users/AmitPeer/OneDrive - Aize/Dokumenter/GitHub/nx/tests/unit/tui/unicode_test.cpp:215
Expected equality of these values:
  result.error().code()
    Which is: 4-byte object <00-00 00-00>
  ErrorCode::kValidationError
    Which is: 4-byte object <0A-00 00-00>
]]></failure>
    </testcase>
  </testsuite>
</testsuites>
